#
# Current Ver: $Revision$
# Last Editor: $Author$
# Last Edited: $Date$
#
#
# This file contains Rule Checks that the user can turn on/off in the GUI
#
# Format is:
# Name:aName		VAR:/PARM:aKey		DEFAULT:YES/NO		EXCLUDE:aKey	DESC:optional description
# Where
#  aName is used to search the Language.properties file for a DESC to display in the GIU
#  aKey is the unique key used to store and reference this Rule
#    -- VAR:aKey can be referenced in .lst files
#    -- PARM:aKey means it's hardcoded into the Java code
#  EXCLUDE: prevents two rules from being active at the same time. It also creates a Radio button in the GUI to choose between the two rules
#  DESC: is optional and if overidden by the Language.properties file from the java code.
#

#
# The following are all refereced from the .lst files
#
#NAME:CraftItemPenalty			VAR:SYS_CIP			DEFAULT:Yes					DESC:Improper tools incure a -2 circumstance penalty
NAME:LoadPenaltyToAcAndSkills		VAR:SYS_LDPACSK		DEFAULT:Yes					DESC:Apply Load Penalty to AC and Skills
NAME:WeightPenaltyToSkill		VAR:SYS_WTPSK		DEFAULT:Yes					DESC:Apply Weight Penalty to Skills
NAME:WeaponSizePenalty			VAR:SYS_35WP		DEFAULT:Yes					DESC:Apply 3.5 Size Category Penalty to Attacks
NAME:ClericDomainBonus			VAR:SYS_DOMAIN		DEFAULT:Yes					DESC:Apply Casterlevel Bonuses from Domains to all Spells
NAME:DisplayTypeTraits			VAR:DISPLAYTYPETRAITS	DEFAULT:No					DESC:Display full text of Type Traits on output
NAME:DisplayConditionalSkills		VAR:DISPLAYSKILLUSE	DEFAULT:Yes					DESC:Display conditional skill uses on output

NAME:Outsider0HDGainMartialWeapons	VAR:OutsiderZeroHDGainMartialWeapons	DEFAULT:No					DESC:Grant Martial Weapons to all 0 HD outsiders as House Rule.
NAME:UseFullSpellDescriptions		VAR:DisplayFullSpell	DEFAULT:No					DESC:Use Full Spell Descriptions from the Core Books
# Homebrew Support
NAME:UseFullEquipmentDescriptions	VAR:DisplayFullEquip	DEFAULT:No					DESC:Use Full Equipment Descriptions (Homebrew Support)
NAME:UseFullAbilityDescriptions	VAR:DisplayFullAbility	DEFAULT:No					DESC:Use Full Ability Descriptions (Homebrew Support)


NAME:HitPointDamage			VAR:DAMAGE_HP		DEFAULT:Yes	EXCLUDE:DAMAGE_VW		DESC:Use Hit Points
NAME:VitalityDamage			VAR:DAMAGE_VW		DEFAULT:No	EXCLUDE:DAMAGE_HP		DESC:Use Vitality and Wound Points

#
# The following are all hardcoded in the java code
#
NAME:AnyRangeForAbilities		PARM:ABILRANGE		DEFAULT:No					DESC:Allow any range for ability scores
NAME:BonusSpellsKnown			PARM:BONUSSPELLKNOWN	DEFAULT:No					DESC:Add stat bonus to Spells Known
NAME:bypassClassPreReqs			PARM:CLASSPRE		DEFAULT:No					DESC:Bypass Class Prerequisites
NAME:bypassFeatPreReqs			PARM:FEATPRE		DEFAULT:No					DESC:Bypass Feat Prerequisites
NAME:bypassMaxSkillRanks		PARM:SKILLMAX		DEFAULT:No					DESC:Bypass Max Skill Ranks
NAME:FreeClothesAtFirst			PARM:FREECLOTHES		DEFAULT:Yes					DESC:Ask For Free Clothing at First Level
NAME:IntBonusLang				PARM:INTBONUSLANG		DEFAULT:No					DESC:Allow Selection of Int bonus Languages after 1st level
NAME:IncreaseIntBeforeLevel		PARM:INTBEFORE		DEFAULT:Yes					DESC:Increment STAT before calculating skill points when leveling
NAME:IgnoreLevelCap			PARM:LEVELCAP		DEFAULT:No					DESC:Ignore Level Cap
NAME:InHandEquipped			PARM:EQUIPATTACK		DEFAULT:No					DESC:Treat Weapons In Hand As Equipped For Attacks

NAME:WeaponSizebyCategory		PARM:SIZECAT		DEFAULT:Yes	EXCLUDE:SIZEOBJ		DESC:Use 3.5 Weapon Categories
NAME:WeaponSizebyObject			PARM:SIZEOBJ		DEFAULT:No	EXCLUDE:SIZECAT		DESC:Use 3.0 Weapon Size

NAME:SpellAlignmentRestriction	PARM:PROHIBITSPELLS	DEFAULT:Yes					DESC:Restict Cleric/Druid spells based on alignment

NAME:AmmoStacksWithWeapon		PARM:AMMOSTACKSWITHWEAPON	DEFAULT:No				DESC:Do ammunition enhancement bonus stack with those of the weapon

#
# Done
#
# Book of Exalted Deeds
NAME:VariantGoodSpells		VAR:EXD_VAR_GOODSPELLS		DEFAULT:No					DESC:Consider the following spells from the PHB to have the good descriptor: good hope and shield other.
# Epic Level Handbook
NAME:VariantPlanarTurning		VAR:ELH_VAR_TURNOUTSIDER		DEFAULT:Yes	EXCLUDE:ELH_VAR_TURNOUTSIDER_AXIS				DESC:The Planar Turning feat turns all outsiders.
NAME:VariantPlanarTurningAXIS		VAR:ELH_VAR_TURNOUTSIDER_AXIS		DEFAULT:No	EXCLUDE:ELH_VAR_TURNOUTSIDER				DESC:The Planar Turning feat stresses the good-versus-evil or law-versus-chaos axis of alignment.
# # Draconomicon
# NAME:HouseruleColossalPlusFlySpeed		VAR:DRAC_VAR_COLOSSALPLUSFLYSPEED		DEFAULT:No					DESC:When a dragon reaches Colossal+, its fly speed increases by another 50 feet, and its maneuverability remains clumsy. A dragon’s land speed and other special movement's (swim, burrow, and so on) do not change.
# # Unearthed Arcana
# NAME:VariantBloodlines		VAR:UA_VAR_BLOODLINES		DEFAULT:NO					DESC:Every so often, an individual is born who stands out a little from the rest of his people. This individual displays characteristics associated with a different kind of creature, such as a dragon, giant, celestial, or demon. Such a character is said to have a bloodline.